<?xml version="1.0" encoding="UTF-8"?>
<testsuite xmlns:xsi="http://www.w3.org/2001/XMLSchema-instance" xsi:noNamespaceSchemaLocation="https://maven.apache.org/surefire/maven-surefire-plugin/xsd/surefire-test-report-3.0.xsd" version="3.0" name="com.example.LionMethodsTest" time="0.057" tests="2" errors="1" skipped="0" failures="0">
  <properties>
[...]
</properties>
  <testcase name="checkLion" classname="com.example.LionMethodsTest" time="0.045"/>
  <testcase name="unnecessary Mockito stubbings" classname="com.example.LionMethodsTest" time="0.047">
    <error message="&#10;Unnecessary stubbings detected in test class: LionMethodsTest&#10;Clean &amp; maintainable test code requires zero unnecessary code.&#10;Following stubbings are unnecessary (click to navigate to relevant line of code):&#10;  1. -&gt; at com.example.LionMethodsTest.checkLion(LionMethodsTest.java:21)&#10;  2. -&gt; at com.example.LionMethodsTest.checkLion(LionMethodsTest.java:23)&#10;Please remove unnecessary stubbings or use &apos;lenient&apos; strictness. More info: javadoc for UnnecessaryStubbingException class." type="org.mockito.exceptions.misusing.UnnecessaryStubbingException"><![CDATA[org.mockito.exceptions.misusing.UnnecessaryStubbingException: 

Unnecessary stubbings detected in test class: LionMethodsTest
Clean & maintainable test code requires zero unnecessary code.
Following stubbings are unnecessary (click to navigate to relevant line of code):
  1. -> at com.example.LionMethodsTest.checkLion(LionMethodsTest.java:21)
  2. -> at com.example.LionMethodsTest.checkLion(LionMethodsTest.java:23)
Please remove unnecessary stubbings or use 'lenient' strictness. More info: javadoc for UnnecessaryStubbingException class.
	at org.mockito.internal.runners.StrictRunner.run(StrictRunner.java:53)
	at org.mockito.junit.MockitoJUnitRunner.run(MockitoJUnitRunner.java:163)
	at org.apache.maven.surefire.junit4.JUnit4Provider.execute(JUnit4Provider.java:316)
	at org.apache.maven.surefire.junit4.JUnit4Provider.executeWithRerun(JUnit4Provider.java:240)
	at org.apache.maven.surefire.junit4.JUnit4Provider.executeTestSet(JUnit4Provider.java:214)
	at org.apache.maven.surefire.junit4.JUnit4Provider.invoke(JUnit4Provider.java:155)
	at org.apache.maven.surefire.booter.ForkedBooter.runSuitesInProcess(ForkedBooter.java:385)
	at org.apache.maven.surefire.booter.ForkedBooter.execute(ForkedBooter.java:162)
	at org.apache.maven.surefire.booter.ForkedBooter.run(ForkedBooter.java:507)
	at org.apache.maven.surefire.booter.ForkedBooter.main(ForkedBooter.java:495)
]]></error>
  </testcase>
</testsuite>